<?xml version="1.0" encoding="UTF-8"?>
<testng-results skipped="0" failed="0" total="1" passed="1">
  <reporter-output>
  </reporter-output>
  <suite name="Default suite" duration-ms="13248" started-at="2017-01-12T10:16:27Z" finished-at="2017-01-12T10:16:40Z">
    <groups>
    </groups>
    <test name="Default test" duration-ms="13248" started-at="2017-01-12T10:16:27Z" finished-at="2017-01-12T10:16:40Z">
      <class name="com.Test.Test2">
        <test-method status="PASS" signature="openthebrowser()[pri:0, instance:com.Test.Test2@27c20538]" name="openthebrowser" is-config="true" duration-ms="7350" started-at="2017-01-12T05:16:27Z" finished-at="2017-01-12T05:16:34Z">
          <reporter-output>
          </reporter-output>
        </test-method> <!-- openthebrowser -->
        <test-method status="PASS" signature="Insertregisteredemail()[pri:0, instance:com.Test.Test2@27c20538]" name="Insertregisteredemail" duration-ms="4709" started-at="2017-01-12T05:16:34Z" finished-at="2017-01-12T05:16:39Z">
          <reporter-output>
          </reporter-output>
        </test-method> <!-- Insertregisteredemail -->
        <test-method status="PASS" signature="ScreenCapture(org.testng.ITestResult)[pri:0, instance:com.Test.Test2@27c20538]" name="ScreenCapture" is-config="true" duration-ms="1" started-at="2017-01-12T05:16:39Z" finished-at="2017-01-12T05:16:39Z">
          <params>
            <param index="0">
              <value>
                <![CDATA[[TestResult name=Insertregisteredemail status=SUCCESS method=Test2.Insertregisteredemail()[pri:0, instance:com.Test.Test2@27c20538] output={null}]]]>
              </value>
            </param>
          </params>
          <reporter-output>
          </reporter-output>
        </test-method> <!-- ScreenCapture -->
        <test-method status="PASS" signature="Result()[pri:0, instance:com.Test.Test2@27c20538]" name="Result" is-config="true" duration-ms="1163" started-at="2017-01-12T05:16:39Z" finished-at="2017-01-12T05:16:40Z">
          <reporter-output>
          </reporter-output>
        </test-method> <!-- Result -->
      </class> <!-- com.Test.Test2 -->
    </test> <!-- Default test -->
  </suite> <!-- Default suite -->
</testng-results>
